2024-10-22 15:55:57,676 [Worker-1: Loading available Gradle versions] INFO  o.e.b.c.i.u.g.PublishedGradleVersions - Gradle version information cache is up-to-date. Trying to read.
2024-10-22 15:56:22,301 [ModalContext] INFO  o.e.m.c.i.e.AbstractTransferListenerAdapter - Downloading https://repo.maven.apache.org/maven2/org/apache/maven/archetypes/maven-archetype-quickstart/1.1/maven-archetype-quickstart-1.1.pom
2024-10-22 15:56:22,322 [ModalContext] INFO  o.e.m.c.i.e.AbstractTransferListenerAdapter - Downloaded https://repo.maven.apache.org/maven2/org/apache/maven/archetypes/maven-archetype-quickstart/1.1/maven-archetype-quickstart-1.1.pom
2024-10-22 15:56:22,363 [ModalContext] INFO  o.e.m.c.i.e.AbstractTransferListenerAdapter - Downloading https://repo.maven.apache.org/maven2/org/apache/maven/archetypes/maven-archetype-bundles/4/maven-archetype-bundles-4.pom
2024-10-22 15:56:22,371 [ModalContext] INFO  o.e.m.c.i.e.AbstractTransferListenerAdapter - Downloaded https://repo.maven.apache.org/maven2/org/apache/maven/archetypes/maven-archetype-bundles/4/maven-archetype-bundles-4.pom
2024-10-22 15:56:22,396 [ModalContext] INFO  o.e.m.c.i.e.AbstractTransferListenerAdapter - Downloading https://repo.maven.apache.org/maven2/org/apache/maven/archetype/maven-archetype/2.0-alpha-5/maven-archetype-2.0-alpha-5.pom
2024-10-22 15:56:22,405 [ModalContext] INFO  o.e.m.c.i.e.AbstractTransferListenerAdapter - Downloaded https://repo.maven.apache.org/maven2/org/apache/maven/archetype/maven-archetype/2.0-alpha-5/maven-archetype-2.0-alpha-5.pom
2024-10-22 15:56:22,430 [ModalContext] INFO  o.e.m.c.i.e.AbstractTransferListenerAdapter - Downloading https://repo.maven.apache.org/maven2/org/apache/maven/maven-parent/16/maven-parent-16.pom
2024-10-22 15:56:22,448 [ModalContext] INFO  o.e.m.c.i.e.AbstractTransferListenerAdapter - Downloaded https://repo.maven.apache.org/maven2/org/apache/maven/maven-parent/16/maven-parent-16.pom
2024-10-22 15:56:22,475 [ModalContext] INFO  o.e.m.c.i.e.AbstractTransferListenerAdapter - Downloading https://repo.maven.apache.org/maven2/org/apache/apache/7/apache-7.pom
2024-10-22 15:56:22,486 [ModalContext] INFO  o.e.m.c.i.e.AbstractTransferListenerAdapter - Downloaded https://repo.maven.apache.org/maven2/org/apache/apache/7/apache-7.pom
2024-10-22 15:56:22,529 [ModalContext] INFO  o.e.m.c.i.e.AbstractTransferListenerAdapter - Downloading https://repo.maven.apache.org/maven2/org/apache/maven/archetypes/maven-archetype-quickstart/1.1/maven-archetype-quickstart-1.1.jar
2024-10-22 15:56:22,534 [ModalContext] INFO  o.e.m.c.i.e.AbstractTransferListenerAdapter - Downloaded https://repo.maven.apache.org/maven2/org/apache/maven/archetypes/maven-archetype-quickstart/1.1/maven-archetype-quickstart-1.1.jar
2024-10-22 15:56:59,339 [Worker-11: Launching mavenrun-071390e5-ea90-47a6-ad7d-88ede13ec7a6] INFO  o.eclipse.m2e.core.internal.Bundles - getClasspathEntries(Bundle=org.eclipse.m2e.maven.runtime_3.9.900.20240824-1409 [299])
2024-10-22 15:56:59,342 [Worker-11: Launching mavenrun-071390e5-ea90-47a6-ad7d-88ede13ec7a6] INFO  o.eclipse.m2e.core.internal.Bundles - 	Entry: C:\Users\Felipe Gomes\.p2\pool\plugins\org.eclipse.m2e.maven.runtime_3.9.900.20240824-1409
2024-10-22 15:56:59,342 [Worker-11: Launching mavenrun-071390e5-ea90-47a6-ad7d-88ede13ec7a6] INFO  o.eclipse.m2e.core.internal.Bundles - 	Entry: C:\Users\Felipe Gomes\.p2\pool\plugins\org.eclipse.m2e.maven.runtime_3.9.900.20240824-1409\jars\aopalliance-1.0.jar
2024-10-22 15:56:59,343 [Worker-11: Launching mavenrun-071390e5-ea90-47a6-ad7d-88ede13ec7a6] INFO  o.eclipse.m2e.core.internal.Bundles - 	Entry: C:\Users\Felipe Gomes\.p2\pool\plugins\org.eclipse.m2e.maven.runtime_3.9.900.20240824-1409\jars\guice-5.1.0.jar
2024-10-22 15:56:59,344 [Worker-11: Launching mavenrun-071390e5-ea90-47a6-ad7d-88ede13ec7a6] INFO  o.eclipse.m2e.core.internal.Bundles - 	Entry: C:\Users\Felipe Gomes\.p2\pool\plugins\org.eclipse.m2e.maven.runtime_3.9.900.20240824-1409\jars\httpclient-4.5.14.jar
2024-10-22 15:56:59,345 [Worker-11: Launching mavenrun-071390e5-ea90-47a6-ad7d-88ede13ec7a6] INFO  o.eclipse.m2e.core.internal.Bundles - 	Entry: C:\Users\Felipe Gomes\.p2\pool\plugins\org.eclipse.m2e.maven.runtime_3.9.900.20240824-1409\jars\httpcore-4.4.16.jar
2024-10-22 15:56:59,346 [Worker-11: Launching mavenrun-071390e5-ea90-47a6-ad7d-88ede13ec7a6] INFO  o.eclipse.m2e.core.internal.Bundles - 	Entry: C:\Users\Felipe Gomes\.p2\pool\plugins\org.eclipse.m2e.maven.runtime_3.9.900.20240824-1409\jars\jansi-2.4.1.jar
2024-10-22 15:56:59,347 [Worker-11: Launching mavenrun-071390e5-ea90-47a6-ad7d-88ede13ec7a6] INFO  o.eclipse.m2e.core.internal.Bundles - 	Entry: C:\Users\Felipe Gomes\.p2\pool\plugins\org.eclipse.m2e.maven.runtime_3.9.900.20240824-1409\jars\jcl-over-slf4j-1.7.36.jar
2024-10-22 15:56:59,347 [Worker-11: Launching mavenrun-071390e5-ea90-47a6-ad7d-88ede13ec7a6] INFO  o.eclipse.m2e.core.internal.Bundles - 	Entry: C:\Users\Felipe Gomes\.p2\pool\plugins\org.eclipse.m2e.maven.runtime_3.9.900.20240824-1409\jars\maven-artifact-3.9.9.jar
2024-10-22 15:56:59,347 [Worker-11: Launching mavenrun-071390e5-ea90-47a6-ad7d-88ede13ec7a6] INFO  o.eclipse.m2e.core.internal.Bundles - 	Entry: C:\Users\Felipe Gomes\.p2\pool\plugins\org.eclipse.m2e.maven.runtime_3.9.900.20240824-1409\jars\maven-builder-support-3.9.9.jar
2024-10-22 15:56:59,348 [Worker-11: Launching mavenrun-071390e5-ea90-47a6-ad7d-88ede13ec7a6] INFO  o.eclipse.m2e.core.internal.Bundles - 	Entry: C:\Users\Felipe Gomes\.p2\pool\plugins\org.eclipse.m2e.maven.runtime_3.9.900.20240824-1409\jars\maven-compat-3.9.9.jar
2024-10-22 15:56:59,348 [Worker-11: Launching mavenrun-071390e5-ea90-47a6-ad7d-88ede13ec7a6] INFO  o.eclipse.m2e.core.internal.Bundles - 	Entry: C:\Users\Felipe Gomes\.p2\pool\plugins\org.eclipse.m2e.maven.runtime_3.9.900.20240824-1409\jars\maven-core-3.9.9.jar
2024-10-22 15:56:59,348 [Worker-11: Launching mavenrun-071390e5-ea90-47a6-ad7d-88ede13ec7a6] INFO  o.eclipse.m2e.core.internal.Bundles - 	Entry: C:\Users\Felipe Gomes\.p2\pool\plugins\org.eclipse.m2e.maven.runtime_3.9.900.20240824-1409\jars\maven-embedder-3.9.9.jar
2024-10-22 15:56:59,349 [Worker-11: Launching mavenrun-071390e5-ea90-47a6-ad7d-88ede13ec7a6] INFO  o.eclipse.m2e.core.internal.Bundles - 	Entry: C:\Users\Felipe Gomes\.p2\pool\plugins\org.eclipse.m2e.maven.runtime_3.9.900.20240824-1409\jars\maven-model-3.9.9.jar
2024-10-22 15:56:59,349 [Worker-11: Launching mavenrun-071390e5-ea90-47a6-ad7d-88ede13ec7a6] INFO  o.eclipse.m2e.core.internal.Bundles - 	Entry: C:\Users\Felipe Gomes\.p2\pool\plugins\org.eclipse.m2e.maven.runtime_3.9.900.20240824-1409\jars\maven-model-builder-3.9.9.jar
2024-10-22 15:56:59,349 [Worker-11: Launching mavenrun-071390e5-ea90-47a6-ad7d-88ede13ec7a6] INFO  o.eclipse.m2e.core.internal.Bundles - 	Entry: C:\Users\Felipe Gomes\.p2\pool\plugins\org.eclipse.m2e.maven.runtime_3.9.900.20240824-1409\jars\maven-plugin-api-3.9.9.jar
2024-10-22 15:56:59,350 [Worker-11: Launching mavenrun-071390e5-ea90-47a6-ad7d-88ede13ec7a6] INFO  o.eclipse.m2e.core.internal.Bundles - 	Entry: C:\Users\Felipe Gomes\.p2\pool\plugins\org.eclipse.m2e.maven.runtime_3.9.900.20240824-1409\jars\maven-repository-metadata-3.9.9.jar
2024-10-22 15:56:59,350 [Worker-11: Launching mavenrun-071390e5-ea90-47a6-ad7d-88ede13ec7a6] INFO  o.eclipse.m2e.core.internal.Bundles - 	Entry: C:\Users\Felipe Gomes\.p2\pool\plugins\org.eclipse.m2e.maven.runtime_3.9.900.20240824-1409\jars\maven-resolver-api-1.9.22.jar
2024-10-22 15:56:59,351 [Worker-11: Launching mavenrun-071390e5-ea90-47a6-ad7d-88ede13ec7a6] INFO  o.eclipse.m2e.core.internal.Bundles - 	Entry: C:\Users\Felipe Gomes\.p2\pool\plugins\org.eclipse.m2e.maven.runtime_3.9.900.20240824-1409\jars\maven-resolver-connector-basic-1.9.22.jar
2024-10-22 15:56:59,351 [Worker-11: Launching mavenrun-071390e5-ea90-47a6-ad7d-88ede13ec7a6] INFO  o.eclipse.m2e.core.internal.Bundles - 	Entry: C:\Users\Felipe Gomes\.p2\pool\plugins\org.eclipse.m2e.maven.runtime_3.9.900.20240824-1409\jars\maven-resolver-impl-1.9.22.jar
2024-10-22 15:56:59,352 [Worker-11: Launching mavenrun-071390e5-ea90-47a6-ad7d-88ede13ec7a6] INFO  o.eclipse.m2e.core.internal.Bundles - 	Entry: C:\Users\Felipe Gomes\.p2\pool\plugins\org.eclipse.m2e.maven.runtime_3.9.900.20240824-1409\jars\maven-resolver-named-locks-1.9.22.jar
2024-10-22 15:56:59,352 [Worker-11: Launching mavenrun-071390e5-ea90-47a6-ad7d-88ede13ec7a6] INFO  o.eclipse.m2e.core.internal.Bundles - 	Entry: C:\Users\Felipe Gomes\.p2\pool\plugins\org.eclipse.m2e.maven.runtime_3.9.900.20240824-1409\jars\maven-resolver-provider-3.9.9.jar
2024-10-22 15:56:59,352 [Worker-11: Launching mavenrun-071390e5-ea90-47a6-ad7d-88ede13ec7a6] INFO  o.eclipse.m2e.core.internal.Bundles - 	Entry: C:\Users\Felipe Gomes\.p2\pool\plugins\org.eclipse.m2e.maven.runtime_3.9.900.20240824-1409\jars\maven-resolver-spi-1.9.22.jar
2024-10-22 15:56:59,353 [Worker-11: Launching mavenrun-071390e5-ea90-47a6-ad7d-88ede13ec7a6] INFO  o.eclipse.m2e.core.internal.Bundles - 	Entry: C:\Users\Felipe Gomes\.p2\pool\plugins\org.eclipse.m2e.maven.runtime_3.9.900.20240824-1409\jars\maven-resolver-transport-file-1.9.22.jar
2024-10-22 15:56:59,353 [Worker-11: Launching mavenrun-071390e5-ea90-47a6-ad7d-88ede13ec7a6] INFO  o.eclipse.m2e.core.internal.Bundles - 	Entry: C:\Users\Felipe Gomes\.p2\pool\plugins\org.eclipse.m2e.maven.runtime_3.9.900.20240824-1409\jars\maven-resolver-transport-http-1.9.22.jar
2024-10-22 15:56:59,353 [Worker-11: Launching mavenrun-071390e5-ea90-47a6-ad7d-88ede13ec7a6] INFO  o.eclipse.m2e.core.internal.Bundles - 	Entry: C:\Users\Felipe Gomes\.p2\pool\plugins\org.eclipse.m2e.maven.runtime_3.9.900.20240824-1409\jars\maven-resolver-transport-wagon-1.9.22.jar
2024-10-22 15:56:59,354 [Worker-11: Launching mavenrun-071390e5-ea90-47a6-ad7d-88ede13ec7a6] INFO  o.eclipse.m2e.core.internal.Bundles - 	Entry: C:\Users\Felipe Gomes\.p2\pool\plugins\org.eclipse.m2e.maven.runtime_3.9.900.20240824-1409\jars\maven-resolver-util-1.9.22.jar
2024-10-22 15:56:59,354 [Worker-11: Launching mavenrun-071390e5-ea90-47a6-ad7d-88ede13ec7a6] INFO  o.eclipse.m2e.core.internal.Bundles - 	Entry: C:\Users\Felipe Gomes\.p2\pool\plugins\org.eclipse.m2e.maven.runtime_3.9.900.20240824-1409\jars\maven-settings-3.9.9.jar
2024-10-22 15:56:59,355 [Worker-11: Launching mavenrun-071390e5-ea90-47a6-ad7d-88ede13ec7a6] INFO  o.eclipse.m2e.core.internal.Bundles - 	Entry: C:\Users\Felipe Gomes\.p2\pool\plugins\org.eclipse.m2e.maven.runtime_3.9.900.20240824-1409\jars\maven-settings-builder-3.9.9.jar
2024-10-22 15:56:59,355 [Worker-11: Launching mavenrun-071390e5-ea90-47a6-ad7d-88ede13ec7a6] INFO  o.eclipse.m2e.core.internal.Bundles - 	Entry: C:\Users\Felipe Gomes\.p2\pool\plugins\org.eclipse.m2e.maven.runtime_3.9.900.20240824-1409\jars\maven-shared-utils-3.4.2.jar
2024-10-22 15:56:59,356 [Worker-11: Launching mavenrun-071390e5-ea90-47a6-ad7d-88ede13ec7a6] INFO  o.eclipse.m2e.core.internal.Bundles - 	Entry: C:\Users\Felipe Gomes\.p2\pool\plugins\org.eclipse.m2e.maven.runtime_3.9.900.20240824-1409\jars\org.eclipse.sisu.inject-0.9.0.M3.jar
2024-10-22 15:56:59,356 [Worker-11: Launching mavenrun-071390e5-ea90-47a6-ad7d-88ede13ec7a6] INFO  o.eclipse.m2e.core.internal.Bundles - 	Entry: C:\Users\Felipe Gomes\.p2\pool\plugins\org.eclipse.m2e.maven.runtime_3.9.900.20240824-1409\jars\org.eclipse.sisu.plexus-0.9.0.M3.jar
2024-10-22 15:56:59,356 [Worker-11: Launching mavenrun-071390e5-ea90-47a6-ad7d-88ede13ec7a6] INFO  o.eclipse.m2e.core.internal.Bundles - 	Entry: C:\Users\Felipe Gomes\.p2\pool\plugins\org.eclipse.m2e.maven.runtime_3.9.900.20240824-1409\jars\plexus-build-api-0.0.7.jar
2024-10-22 15:56:59,357 [Worker-11: Launching mavenrun-071390e5-ea90-47a6-ad7d-88ede13ec7a6] INFO  o.eclipse.m2e.core.internal.Bundles - 	Entry: C:\Users\Felipe Gomes\.p2\pool\plugins\org.eclipse.m2e.maven.runtime_3.9.900.20240824-1409\jars\plexus-build-api-1.2.0.jar
2024-10-22 15:56:59,357 [Worker-11: Launching mavenrun-071390e5-ea90-47a6-ad7d-88ede13ec7a6] INFO  o.eclipse.m2e.core.internal.Bundles - 	Entry: C:\Users\Felipe Gomes\.p2\pool\plugins\org.eclipse.m2e.maven.runtime_3.9.900.20240824-1409\jars\plexus-cipher-2.0.jar
2024-10-22 15:56:59,357 [Worker-11: Launching mavenrun-071390e5-ea90-47a6-ad7d-88ede13ec7a6] INFO  o.eclipse.m2e.core.internal.Bundles - 	Entry: C:\Users\Felipe Gomes\.p2\pool\plugins\org.eclipse.m2e.maven.runtime_3.9.900.20240824-1409\jars\plexus-classworlds-2.8.0.jar
2024-10-22 15:56:59,357 [Worker-11: Launching mavenrun-071390e5-ea90-47a6-ad7d-88ede13ec7a6] INFO  o.eclipse.m2e.core.internal.Bundles - 	Entry: C:\Users\Felipe Gomes\.p2\pool\plugins\org.eclipse.m2e.maven.runtime_3.9.900.20240824-1409\jars\plexus-component-annotations-2.1.0.jar
2024-10-22 15:56:59,358 [Worker-11: Launching mavenrun-071390e5-ea90-47a6-ad7d-88ede13ec7a6] INFO  o.eclipse.m2e.core.internal.Bundles - 	Entry: C:\Users\Felipe Gomes\.p2\pool\plugins\org.eclipse.m2e.maven.runtime_3.9.900.20240824-1409\jars\plexus-interpolation-1.27.jar
2024-10-22 15:56:59,358 [Worker-11: Launching mavenrun-071390e5-ea90-47a6-ad7d-88ede13ec7a6] INFO  o.eclipse.m2e.core.internal.Bundles - 	Entry: C:\Users\Felipe Gomes\.p2\pool\plugins\org.eclipse.m2e.maven.runtime_3.9.900.20240824-1409\jars\plexus-sec-dispatcher-2.0.jar
2024-10-22 15:56:59,359 [Worker-11: Launching mavenrun-071390e5-ea90-47a6-ad7d-88ede13ec7a6] INFO  o.eclipse.m2e.core.internal.Bundles - 	Entry: C:\Users\Felipe Gomes\.p2\pool\plugins\org.eclipse.m2e.maven.runtime_3.9.900.20240824-1409\jars\plexus-utils-3.5.1.jar
2024-10-22 15:56:59,359 [Worker-11: Launching mavenrun-071390e5-ea90-47a6-ad7d-88ede13ec7a6] INFO  o.eclipse.m2e.core.internal.Bundles - 	Entry: C:\Users\Felipe Gomes\.p2\pool\plugins\org.eclipse.m2e.maven.runtime_3.9.900.20240824-1409\jars\plexus-xml-3.0.1.jar
2024-10-22 15:56:59,360 [Worker-11: Launching mavenrun-071390e5-ea90-47a6-ad7d-88ede13ec7a6] INFO  o.eclipse.m2e.core.internal.Bundles - 	Entry: C:\Users\Felipe Gomes\.p2\pool\plugins\org.eclipse.m2e.maven.runtime_3.9.900.20240824-1409\jars\wagon-file-3.5.3.jar
2024-10-22 15:56:59,360 [Worker-11: Launching mavenrun-071390e5-ea90-47a6-ad7d-88ede13ec7a6] INFO  o.eclipse.m2e.core.internal.Bundles - 	Entry: C:\Users\Felipe Gomes\.p2\pool\plugins\org.eclipse.m2e.maven.runtime_3.9.900.20240824-1409\jars\wagon-http-3.5.3.jar
2024-10-22 15:56:59,361 [Worker-11: Launching mavenrun-071390e5-ea90-47a6-ad7d-88ede13ec7a6] INFO  o.eclipse.m2e.core.internal.Bundles - 	Entry: C:\Users\Felipe Gomes\.p2\pool\plugins\org.eclipse.m2e.maven.runtime_3.9.900.20240824-1409\jars\wagon-http-shared-3.5.3.jar
2024-10-22 15:56:59,361 [Worker-11: Launching mavenrun-071390e5-ea90-47a6-ad7d-88ede13ec7a6] INFO  o.eclipse.m2e.core.internal.Bundles - 	Entry: C:\Users\Felipe Gomes\.p2\pool\plugins\org.eclipse.m2e.maven.runtime_3.9.900.20240824-1409\jars\wagon-provider-api-3.5.3.jar
2024-10-22 15:56:59,382 [Worker-11: Launching mavenrun-071390e5-ea90-47a6-ad7d-88ede13ec7a6] INFO  o.eclipse.m2e.core.internal.Bundles - getClasspathEntries(Bundle=com.google.guava_33.3.0.jre [10])
2024-10-22 15:56:59,384 [Worker-11: Launching mavenrun-071390e5-ea90-47a6-ad7d-88ede13ec7a6] INFO  o.eclipse.m2e.core.internal.Bundles - 	Entry: C:\Users\Felipe Gomes\.p2\pool\plugins\com.google.guava_33.3.0.jre.jar
2024-10-22 15:56:59,384 [Worker-11: Launching mavenrun-071390e5-ea90-47a6-ad7d-88ede13ec7a6] INFO  o.eclipse.m2e.core.internal.Bundles - getClasspathEntries(Bundle=slf4j.api_2.0.16 [521])
2024-10-22 15:56:59,385 [Worker-11: Launching mavenrun-071390e5-ea90-47a6-ad7d-88ede13ec7a6] INFO  o.eclipse.m2e.core.internal.Bundles - 	Entry: C:\Users\Felipe Gomes\.p2\pool\plugins\slf4j.api_2.0.16.jar
2024-10-22 15:56:59,385 [Worker-11: Launching mavenrun-071390e5-ea90-47a6-ad7d-88ede13ec7a6] INFO  o.eclipse.m2e.core.internal.Bundles - getClasspathEntries(Bundle=jakarta.inject.jakarta.inject-api_1.0.5 [22])
2024-10-22 15:56:59,387 [Worker-11: Launching mavenrun-071390e5-ea90-47a6-ad7d-88ede13ec7a6] INFO  o.eclipse.m2e.core.internal.Bundles - 	Entry: C:\Users\Felipe Gomes\.p2\pool\plugins\jakarta.inject.jakarta.inject-api_1.0.5.jar
2024-10-22 15:56:59,388 [Worker-11: Launching mavenrun-071390e5-ea90-47a6-ad7d-88ede13ec7a6] INFO  o.eclipse.m2e.core.internal.Bundles - getClasspathEntries(Bundle=jakarta.annotation-api_1.3.5 [20])
2024-10-22 15:56:59,389 [Worker-11: Launching mavenrun-071390e5-ea90-47a6-ad7d-88ede13ec7a6] INFO  o.eclipse.m2e.core.internal.Bundles - 	Entry: C:\Users\Felipe Gomes\.p2\pool\plugins\jakarta.annotation-api_1.3.5.jar
2024-10-22 15:56:59,389 [Worker-11: Launching mavenrun-071390e5-ea90-47a6-ad7d-88ede13ec7a6] INFO  o.eclipse.m2e.core.internal.Bundles - getClasspathEntries(Bundle=org.apache.commons.cli_1.9.0 [47])
2024-10-22 15:56:59,390 [Worker-11: Launching mavenrun-071390e5-ea90-47a6-ad7d-88ede13ec7a6] INFO  o.eclipse.m2e.core.internal.Bundles - 	Entry: C:\Users\Felipe Gomes\.p2\pool\plugins\org.apache.commons.cli_1.9.0.jar
2024-10-22 15:56:59,390 [Worker-11: Launching mavenrun-071390e5-ea90-47a6-ad7d-88ede13ec7a6] INFO  o.eclipse.m2e.core.internal.Bundles - getClasspathEntries(Bundle=org.apache.commons.commons-codec_1.16.0 [50])
2024-10-22 15:56:59,393 [Worker-11: Launching mavenrun-071390e5-ea90-47a6-ad7d-88ede13ec7a6] INFO  o.eclipse.m2e.core.internal.Bundles - 	Entry: C:\Users\Felipe Gomes\.p2\pool\plugins\org.apache.commons.commons-codec_1.16.0.jar
2024-10-22 15:56:59,394 [Worker-11: Launching mavenrun-071390e5-ea90-47a6-ad7d-88ede13ec7a6] INFO  o.eclipse.m2e.core.internal.Bundles - getClasspathEntries(Bundle=com.google.guava.failureaccess_1.0.2 [11])
2024-10-22 15:56:59,395 [Worker-11: Launching mavenrun-071390e5-ea90-47a6-ad7d-88ede13ec7a6] INFO  o.eclipse.m2e.core.internal.Bundles - 	Entry: C:\Users\Felipe Gomes\.p2\pool\plugins\com.google.guava.failureaccess_1.0.2.jar
2024-10-22 15:56:59,405 [Worker-11: Launching mavenrun-071390e5-ea90-47a6-ad7d-88ede13ec7a6] INFO  o.e.m.i.launch.MavenLaunchDelegate - Run build in "C:\Users\FELIPE~1\AppData\Local\Temp\m2e-archetypeGenerator7763035362086037891":
2024-10-22 15:56:59,411 [Worker-11: Launching mavenrun-071390e5-ea90-47a6-ad7d-88ede13ec7a6] INFO  o.e.m.i.launch.MavenLaunchDelegate -  mvn  -DarchetypeGroupId=org.apache.maven.archetypes -DarchetypeArtifactId=maven-archetype-quickstart -DarchetypeVersion=1.1 -DgroupId=Alura -DartifactId=ConversorDeMoedas -Dversion=0.0.1-SNAPSHOT -Dpackage=Alura.ConversorDeMoedas -DoutputDirectory="C:\Users\Felipe Gomes\Desktop\CONVERSOR DE MOEDAS" -Dstyle.color=always -U archetype:generate
2024-10-22 16:04:14,381 [Worker-7: Creating maven-archetype-quickstart] INFO  o.e.m.c.i.p.ProjectConfigurationManager - Collecting project info '/pom.xml' C:\Users\Felipe Gomes\Desktop\CONVERSOR DE MOEDAS\ConversorDeMoedas\pom.xml
2024-10-22 16:04:15,043 [Worker-7: Creating maven-archetype-quickstart] INFO  o.e.m.c.i.e.AbstractTransferListenerAdapter - Downloading https://repo.maven.apache.org/maven2/org/apache/maven/plugins/maven-compiler-plugin/3.13.0/maven-compiler-plugin-3.13.0.jar
2024-10-22 16:04:15,058 [Worker-7: Creating maven-archetype-quickstart] INFO  o.e.m.c.i.e.AbstractTransferListenerAdapter - Downloaded https://repo.maven.apache.org/maven2/org/apache/maven/plugins/maven-compiler-plugin/3.13.0/maven-compiler-plugin-3.13.0.jar
2024-10-22 16:04:15,330 [Worker-7: Creating maven-archetype-quickstart] INFO  o.e.m.c.i.e.AbstractTransferListenerAdapter - Downloading https://repo.maven.apache.org/maven2/org/apache/maven/plugins/maven-compiler-plugin/3.13.0/maven-compiler-plugin-3.13.0.pom
2024-10-22 16:04:15,337 [Worker-7: Creating maven-archetype-quickstart] INFO  o.e.m.c.i.e.AbstractTransferListenerAdapter - Downloaded https://repo.maven.apache.org/maven2/org/apache/maven/plugins/maven-compiler-plugin/3.13.0/maven-compiler-plugin-3.13.0.pom
2024-10-22 16:04:15,802 [Worker-7: Creating maven-archetype-quickstart] INFO  o.e.m.c.i.e.AbstractTransferListenerAdapter - Downloading https://repo.maven.apache.org/maven2/org/codehaus/plexus/plexus-java/1.2.0/plexus-java-1.2.0.pom
2024-10-22 16:04:15,810 [Worker-7: Creating maven-archetype-quickstart] INFO  o.e.m.c.i.e.AbstractTransferListenerAdapter - Downloaded https://repo.maven.apache.org/maven2/org/codehaus/plexus/plexus-java/1.2.0/plexus-java-1.2.0.pom
2024-10-22 16:04:15,827 [Worker-7: Creating maven-archetype-quickstart] INFO  o.e.m.c.i.e.AbstractTransferListenerAdapter - Downloading https://repo.maven.apache.org/maven2/org/codehaus/plexus/plexus-languages/1.2.0/plexus-languages-1.2.0.pom
2024-10-22 16:04:15,834 [Worker-7: Creating maven-archetype-quickstart] INFO  o.e.m.c.i.e.AbstractTransferListenerAdapter - Downloaded https://repo.maven.apache.org/maven2/org/codehaus/plexus/plexus-languages/1.2.0/plexus-languages-1.2.0.pom
2024-10-22 16:04:15,851 [Worker-7: Creating maven-archetype-quickstart] INFO  o.e.m.c.i.e.AbstractTransferListenerAdapter - Downloading https://repo.maven.apache.org/maven2/org/codehaus/plexus/plexus/15/plexus-15.pom
2024-10-22 16:04:15,858 [Worker-7: Creating maven-archetype-quickstart] INFO  o.e.m.c.i.e.AbstractTransferListenerAdapter - Downloaded https://repo.maven.apache.org/maven2/org/codehaus/plexus/plexus/15/plexus-15.pom
2024-10-22 16:04:15,882 [Worker-7: Creating maven-archetype-quickstart] INFO  o.e.m.c.i.e.AbstractTransferListenerAdapter - Downloading https://repo.maven.apache.org/maven2/org/ow2/asm/asm/9.6/asm-9.6.pom
2024-10-22 16:04:15,890 [Worker-7: Creating maven-archetype-quickstart] INFO  o.e.m.c.i.e.AbstractTransferListenerAdapter - Downloaded https://repo.maven.apache.org/maven2/org/ow2/asm/asm/9.6/asm-9.6.pom
2024-10-22 16:04:15,909 [Worker-7: Creating maven-archetype-quickstart] INFO  o.e.m.c.i.e.AbstractTransferListenerAdapter - Downloading https://repo.maven.apache.org/maven2/org/ow2/ow2/1.5.1/ow2-1.5.1.pom
2024-10-22 16:04:15,916 [Worker-7: Creating maven-archetype-quickstart] INFO  o.e.m.c.i.e.AbstractTransferListenerAdapter - Downloaded https://repo.maven.apache.org/maven2/org/ow2/ow2/1.5.1/ow2-1.5.1.pom
2024-10-22 16:04:15,935 [Worker-7: Creating maven-archetype-quickstart] INFO  o.e.m.c.i.e.AbstractTransferListenerAdapter - Downloading https://repo.maven.apache.org/maven2/com/thoughtworks/qdox/qdox/2.0.3/qdox-2.0.3.pom
2024-10-22 16:04:15,944 [Worker-7: Creating maven-archetype-quickstart] INFO  o.e.m.c.i.e.AbstractTransferListenerAdapter - Downloaded https://repo.maven.apache.org/maven2/com/thoughtworks/qdox/qdox/2.0.3/qdox-2.0.3.pom
2024-10-22 16:04:15,996 [Worker-7: Creating maven-archetype-quickstart] INFO  o.e.m.c.i.e.AbstractTransferListenerAdapter - Downloading https://repo.maven.apache.org/maven2/org/codehaus/plexus/plexus-compiler-api/2.15.0/plexus-compiler-api-2.15.0.pom
2024-10-22 16:04:16,003 [Worker-7: Creating maven-archetype-quickstart] INFO  o.e.m.c.i.e.AbstractTransferListenerAdapter - Downloaded https://repo.maven.apache.org/maven2/org/codehaus/plexus/plexus-compiler-api/2.15.0/plexus-compiler-api-2.15.0.pom
2024-10-22 16:04:16,022 [Worker-7: Creating maven-archetype-quickstart] INFO  o.e.m.c.i.e.AbstractTransferListenerAdapter - Downloading https://repo.maven.apache.org/maven2/org/codehaus/plexus/plexus-compiler/2.15.0/plexus-compiler-2.15.0.pom
2024-10-22 16:04:16,033 [Worker-7: Creating maven-archetype-quickstart] INFO  o.e.m.c.i.e.AbstractTransferListenerAdapter - Downloaded https://repo.maven.apache.org/maven2/org/codehaus/plexus/plexus-compiler/2.15.0/plexus-compiler-2.15.0.pom
2024-10-22 16:04:16,066 [Worker-7: Creating maven-archetype-quickstart] INFO  o.e.m.c.i.e.AbstractTransferListenerAdapter - Downloading https://repo.maven.apache.org/maven2/org/codehaus/plexus/plexus-utils/4.0.0/plexus-utils-4.0.0.pom
2024-10-22 16:04:16,072 [Worker-7: Creating maven-archetype-quickstart] INFO  o.e.m.c.i.e.AbstractTransferListenerAdapter - Downloaded https://repo.maven.apache.org/maven2/org/codehaus/plexus/plexus-utils/4.0.0/plexus-utils-4.0.0.pom
2024-10-22 16:04:16,115 [Worker-7: Creating maven-archetype-quickstart] INFO  o.e.m.c.i.e.AbstractTransferListenerAdapter - Downloading https://repo.maven.apache.org/maven2/org/codehaus/plexus/plexus/13/plexus-13.pom
2024-10-22 16:04:16,124 [Worker-7: Creating maven-archetype-quickstart] INFO  o.e.m.c.i.e.AbstractTransferListenerAdapter - Downloaded https://repo.maven.apache.org/maven2/org/codehaus/plexus/plexus/13/plexus-13.pom
2024-10-22 16:04:16,176 [Worker-7: Creating maven-archetype-quickstart] INFO  o.e.m.c.i.e.AbstractTransferListenerAdapter - Downloading https://repo.maven.apache.org/maven2/org/codehaus/plexus/plexus-compiler-manager/2.15.0/plexus-compiler-manager-2.15.0.pom
2024-10-22 16:04:16,183 [Worker-7: Creating maven-archetype-quickstart] INFO  o.e.m.c.i.e.AbstractTransferListenerAdapter - Downloaded https://repo.maven.apache.org/maven2/org/codehaus/plexus/plexus-compiler-manager/2.15.0/plexus-compiler-manager-2.15.0.pom
2024-10-22 16:04:16,208 [Worker-7: Creating maven-archetype-quickstart] INFO  o.e.m.c.i.e.AbstractTransferListenerAdapter - Downloading https://repo.maven.apache.org/maven2/org/codehaus/plexus/plexus-xml/3.0.0/plexus-xml-3.0.0.pom
2024-10-22 16:04:16,215 [Worker-7: Creating maven-archetype-quickstart] INFO  o.e.m.c.i.e.AbstractTransferListenerAdapter - Downloaded https://repo.maven.apache.org/maven2/org/codehaus/plexus/plexus-xml/3.0.0/plexus-xml-3.0.0.pom
2024-10-22 16:04:16,236 [Worker-7: Creating maven-archetype-quickstart] INFO  o.e.m.c.i.e.AbstractTransferListenerAdapter - Downloading https://repo.maven.apache.org/maven2/org/codehaus/plexus/plexus-compiler-javac/2.15.0/plexus-compiler-javac-2.15.0.pom
2024-10-22 16:04:16,244 [Worker-7: Creating maven-archetype-quickstart] INFO  o.e.m.c.i.e.AbstractTransferListenerAdapter - Downloaded https://repo.maven.apache.org/maven2/org/codehaus/plexus/plexus-compiler-javac/2.15.0/plexus-compiler-javac-2.15.0.pom
2024-10-22 16:04:16,261 [Worker-7: Creating maven-archetype-quickstart] INFO  o.e.m.c.i.e.AbstractTransferListenerAdapter - Downloading https://repo.maven.apache.org/maven2/org/codehaus/plexus/plexus-compilers/2.15.0/plexus-compilers-2.15.0.pom
2024-10-22 16:04:16,274 [Worker-7: Creating maven-archetype-quickstart] INFO  o.e.m.c.i.e.AbstractTransferListenerAdapter - Downloaded https://repo.maven.apache.org/maven2/org/codehaus/plexus/plexus-compilers/2.15.0/plexus-compilers-2.15.0.pom
2024-10-22 16:04:16,340 [Worker-7: Creating maven-archetype-quickstart] INFO  o.e.m.c.i.e.AbstractTransferListenerAdapter - Downloading https://repo.maven.apache.org/maven2/org/codehaus/plexus/plexus-java/1.2.0/plexus-java-1.2.0.jar
2024-10-22 16:04:16,351 [Worker-7: Creating maven-archetype-quickstart] INFO  o.e.m.c.i.e.AbstractTransferListenerAdapter - Downloaded https://repo.maven.apache.org/maven2/org/codehaus/plexus/plexus-java/1.2.0/plexus-java-1.2.0.jar
2024-10-22 16:04:16,390 [BasicRepositoryConnector-repo.maven.apache.org-0-0] INFO  o.e.m.c.i.e.AbstractTransferListenerAdapter - Downloading https://repo.maven.apache.org/maven2/org/ow2/asm/asm/9.6/asm-9.6.jar
2024-10-22 16:04:16,400 [BasicRepositoryConnector-repo.maven.apache.org-0-1] INFO  o.e.m.c.i.e.AbstractTransferListenerAdapter - Downloading https://repo.maven.apache.org/maven2/com/thoughtworks/qdox/qdox/2.0.3/qdox-2.0.3.jar
2024-10-22 16:04:16,401 [BasicRepositoryConnector-repo.maven.apache.org-0-0] INFO  o.e.m.c.i.e.AbstractTransferListenerAdapter - Downloaded https://repo.maven.apache.org/maven2/org/ow2/asm/asm/9.6/asm-9.6.jar
2024-10-22 16:04:16,437 [BasicRepositoryConnector-repo.maven.apache.org-0-1] INFO  o.e.m.c.i.e.AbstractTransferListenerAdapter - Downloaded https://repo.maven.apache.org/maven2/com/thoughtworks/qdox/qdox/2.0.3/qdox-2.0.3.jar
2024-10-22 16:04:16,444 [BasicRepositoryConnector-repo.maven.apache.org-0-1] INFO  o.e.m.c.i.e.AbstractTransferListenerAdapter - Downloading https://repo.maven.apache.org/maven2/org/codehaus/plexus/plexus-utils/4.0.0/plexus-utils-4.0.0.jar
2024-10-22 16:04:16,462 [BasicRepositoryConnector-repo.maven.apache.org-0-3] INFO  o.e.m.c.i.e.AbstractTransferListenerAdapter - Downloading https://repo.maven.apache.org/maven2/org/codehaus/plexus/plexus-compiler-manager/2.15.0/plexus-compiler-manager-2.15.0.jar
2024-10-22 16:04:16,464 [BasicRepositoryConnector-repo.maven.apache.org-0-2] INFO  o.e.m.c.i.e.AbstractTransferListenerAdapter - Downloading https://repo.maven.apache.org/maven2/org/codehaus/plexus/plexus-compiler-api/2.15.0/plexus-compiler-api-2.15.0.jar
2024-10-22 16:04:16,469 [BasicRepositoryConnector-repo.maven.apache.org-0-1] INFO  o.e.m.c.i.e.AbstractTransferListenerAdapter - Downloaded https://repo.maven.apache.org/maven2/org/codehaus/plexus/plexus-utils/4.0.0/plexus-utils-4.0.0.jar
2024-10-22 16:04:16,470 [BasicRepositoryConnector-repo.maven.apache.org-0-3] INFO  o.e.m.c.i.e.AbstractTransferListenerAdapter - Downloaded https://repo.maven.apache.org/maven2/org/codehaus/plexus/plexus-compiler-manager/2.15.0/plexus-compiler-manager-2.15.0.jar
2024-10-22 16:04:16,479 [BasicRepositoryConnector-repo.maven.apache.org-0-2] INFO  o.e.m.c.i.e.AbstractTransferListenerAdapter - Downloaded https://repo.maven.apache.org/maven2/org/codehaus/plexus/plexus-compiler-api/2.15.0/plexus-compiler-api-2.15.0.jar
2024-10-22 16:04:16,486 [BasicRepositoryConnector-repo.maven.apache.org-0-4] INFO  o.e.m.c.i.e.AbstractTransferListenerAdapter - Downloading https://repo.maven.apache.org/maven2/org/codehaus/plexus/plexus-xml/3.0.0/plexus-xml-3.0.0.jar
2024-10-22 16:04:16,493 [BasicRepositoryConnector-repo.maven.apache.org-0-0] INFO  o.e.m.c.i.e.AbstractTransferListenerAdapter - Downloading https://repo.maven.apache.org/maven2/org/codehaus/plexus/plexus-compiler-javac/2.15.0/plexus-compiler-javac-2.15.0.jar
2024-10-22 16:04:16,508 [BasicRepositoryConnector-repo.maven.apache.org-0-0] INFO  o.e.m.c.i.e.AbstractTransferListenerAdapter - Downloaded https://repo.maven.apache.org/maven2/org/codehaus/plexus/plexus-compiler-javac/2.15.0/plexus-compiler-javac-2.15.0.jar
2024-10-22 16:04:16,518 [BasicRepositoryConnector-repo.maven.apache.org-0-4] INFO  o.e.m.c.i.e.AbstractTransferListenerAdapter - Downloaded https://repo.maven.apache.org/maven2/org/codehaus/plexus/plexus-xml/3.0.0/plexus-xml-3.0.0.jar
2024-10-22 16:04:16,869 [Worker-7: Creating maven-archetype-quickstart] INFO  o.e.m.c.i.l.LifecycleMappingFactory - Using org.eclipse.m2e.jdt.JarLifecycleMapping lifecycle mapping for MavenProject: Alura:ConversorDeMoedas:0.0.1-SNAPSHOT @ C:\Users\Felipe Gomes\Desktop\CONVERSOR DE MOEDAS\ConversorDeMoedas\pom.xml.
2024-10-22 16:04:16,886 [Worker-7: Creating maven-archetype-quickstart] INFO  o.e.m.c.i.e.AbstractTransferListenerAdapter - Downloading https://repo.maven.apache.org/maven2/junit/junit/3.8.1/junit-3.8.1.pom
2024-10-22 16:04:16,893 [Worker-7: Creating maven-archetype-quickstart] INFO  o.e.m.c.i.e.AbstractTransferListenerAdapter - Downloaded https://repo.maven.apache.org/maven2/junit/junit/3.8.1/junit-3.8.1.pom
2024-10-22 16:04:16,909 [Worker-7: Creating maven-archetype-quickstart] INFO  o.e.m.c.i.e.AbstractTransferListenerAdapter - Downloading https://repo.maven.apache.org/maven2/junit/junit/3.8.1/junit-3.8.1.jar
2024-10-22 16:04:16,928 [Worker-7: Creating maven-archetype-quickstart] INFO  o.e.m.c.i.e.AbstractTransferListenerAdapter - Downloaded https://repo.maven.apache.org/maven2/junit/junit/3.8.1/junit-3.8.1.jar
2024-10-22 16:04:19,332 [Worker-6: Download sources and javadoc] INFO  o.e.m.c.i.e.AbstractTransferListenerAdapter - Downloading https://repo.maven.apache.org/maven2/junit/junit/3.8.1/junit-3.8.1-sources.jar
2024-10-22 16:04:19,344 [Worker-6: Download sources and javadoc] INFO  o.e.m.c.i.e.AbstractTransferListenerAdapter - Downloaded https://repo.maven.apache.org/maven2/junit/junit/3.8.1/junit-3.8.1-sources.jar
2024-10-22 16:04:19,351 [Worker-6: Download sources and javadoc] INFO  o.e.m.j.internal.DownloadSourcesJob - Downloaded sources for junit:junit:3.8.1
2024-10-22 16:04:19,541 [Worker-7: Creating maven-archetype-quickstart] INFO  o.e.m.j.i.AbstractJavaProjectConfigurator - Adding source folder /ConversorDeMoedas/src/main/java
2024-10-22 16:04:19,545 [Worker-7: Creating maven-archetype-quickstart] INFO  o.e.m.j.i.AbstractJavaProjectConfigurator - Adding resource folder /ConversorDeMoedas/src/main/resources
2024-10-22 16:04:19,552 [Worker-7: Creating maven-archetype-quickstart] INFO  o.e.m.j.i.AbstractJavaProjectConfigurator - Adding source folder /ConversorDeMoedas/src/test/java
2024-10-22 16:04:19,555 [Worker-7: Creating maven-archetype-quickstart] INFO  o.e.m.j.i.AbstractJavaProjectConfigurator - Adding resource folder /ConversorDeMoedas/src/test/resources
2024-10-22 16:04:19,734 [Worker-7: Creating maven-archetype-quickstart] INFO  o.e.m.c.i.p.ProjectConfigurationManager - Imported and configured 1 project(s) in 5 sec
2024-10-22 16:04:21,404 [Worker-6: Building] INFO  o.a.m.s.f.DefaultMavenResourcesFiltering - skip non existing resourceDirectory C:\Users\Felipe Gomes\Desktop\CONVERSOR DE MOEDAS\ConversorDeMoedas\src\main\resources
2024-10-22 16:04:21,414 [Worker-6: Building] INFO  o.a.m.s.f.DefaultMavenResourcesFiltering - skip non existing resourceDirectory C:\Users\Felipe Gomes\Desktop\CONVERSOR DE MOEDAS\ConversorDeMoedas\src\test\resources
2024-10-22 16:42:13,382 [Worker-13: Building] INFO  o.a.m.s.f.DefaultMavenResourcesFiltering - skip non existing resourceDirectory C:\Users\Felipe Gomes\Desktop\CONVERSOR DE MOEDAS\ConversorDeMoedas\src\main\resources
2024-10-22 16:42:13,404 [Worker-13: Building] INFO  o.a.m.s.f.DefaultMavenResourcesFiltering - skip non existing resourceDirectory C:\Users\Felipe Gomes\Desktop\CONVERSOR DE MOEDAS\ConversorDeMoedas\src\test\resources
2024-10-22 16:44:59,422 [Worker-13: Building] INFO  o.a.m.s.f.DefaultMavenResourcesFiltering - skip non existing resourceDirectory C:\Users\Felipe Gomes\Desktop\CONVERSOR DE MOEDAS\ConversorDeMoedas\src\main\resources
2024-10-22 16:44:59,428 [Worker-13: Building] INFO  o.a.m.s.f.DefaultMavenResourcesFiltering - skip non existing resourceDirectory C:\Users\Felipe Gomes\Desktop\CONVERSOR DE MOEDAS\ConversorDeMoedas\src\test\resources
